
****************************************************************
****************************************************************
**                                                            **
**                                                            **
**        CCC     OO      SSS    M    M     OO      SSS       **
**       C       O  O    S       MM  MM    O  O    S          **
**       C       O  O     SS     M MM M    O  O     SS        **
**       C       O  O       S    M    M    O  O       S       **
**        CCC     OO     SSS     M    M     OO     SSS        **
**                                                            **
**                                                            **
**                   Simulations  V2022-PR1                   **
**                 Simulation Premium Package                 **
**           Distributed By: SOLIDWORKS Corporation           **
**               6320 Canoga Avenue, Suite 300                **
**               Woodland Hills, California 91367             **
**               Telephone Number (818)673-2200               **
**         Copyright 1988-2018 SOLIDWORKS Corporation         **
**                                                            **
****************************************************************
****************************************************************

Problem name: C:\Users\Darwin\Documents\GitHub\avionic
Date        : 08/03/2022     Time:   20:46:50


 SYSTEM OF UNITS:
 International System of Units, SI, is used for all input/output data.
 Common Quantities:
 Length:meter, Mass:kilogram, Time:second, Temperature:kelvin
 Force:newton, Pressure also stress:pascal, Energy:joule, Power:watt

 NUMBER OF PHYSICAL CORES USED TO RUN SIMULATION: 12

  C O N T R O L  I N F O R M A T I O N                  

   CURRENT RESTRAINT SET . . . . . . . . . . . (BC_SET)  =           1

   NUMBER OF LOAD CASES  . . . . . . . . . . . (NLCASE)  =           1
   SOLUTION MODE . . . . . . . . . . . . . . . (MODEX)   =           0
      EQ. 0, STATIC ANALYSIS                              
      EQ. 1, BUCKLING ANALYSIS                            
      EQ. 2, DYNAMIC ANALYSIS                             
      EQ. 3, DROP TEST                                    

   SOLVER TYPE . . . . . . . . . . . . . . . . .(ISOL)   =           5
      EQ. 0, DIRECT SPARSE SOLVER                         
      EQ. 1, DIRECT SKYLINE SOLVER                        
      EQ. 2, ITERATIVE SOLVER                             
      EQ. 3, EXPLICIT INTEGRATION                         
      EQ. 4, LARGE PROBLEM DIRECT SPARSE SOLVER           
      EQ. 5, INTEL DIRECT SPARSE SOLVER                   
      EQ. 6, INTEL NETWORK SPARSE SOLVER                  

   THERMAL LOADING FLAG . . . . . . . . . . . .(ITHERM)  =           0
      EQ. 0, NO THERMAL EFFECTS CONSIDERED                
      EQ. 1, ADD TEMPERATURE EFFECT                       
   GRAVITY LOADING FLAG . . . . . . . . . . . .(IGRAV)   =           0
      EQ. 0, NO GRAVITY LOADING CONSIDERED                
      EQ. 1, ADD GRAVITY LOADING EFFECT                   
   CENTRIFUGAL LOADING FLAG . . . . . . . . . .(ICNTRF)  =           0
      EQ. 0, NO CENTRIFUGAL LOADING CONSIDERED            
      EQ. 1, ADD CENTRIFUGAL LOADING EFFECT               
   IN-PLANE STIFFENING FLAG . . . . . . . . . .(INPLN)   =           0
      EQ. 0, NO IN-PLANE EFFECTS CONSIDERED               
      EQ. 1, IN-PLANE EFFECTS CONSIDERED                  
   SOFT SPRING ADDITION FLAG . . . . . . . . . (ISOFT)   =           0
      EQ. 0, NO SOFT SPRING OPTION                        
      EQ. 1, SOFT SPRING ADDED                            

   SAVE DECOMPOSED STIFFNESS MATRIX FLAG . . . (ISAVK)   =           0
      EQ. 0, DO NOT SAVE DECOMPOSED K                     
      EQ. 1, SAVE DECOMPOSED K                            
   FORM STIFFNESS MATRIX FLAG . . . . . . . . .(IFORMK)  =           0
      EQ. 0, FORM STIFFNESS MATRIX                        
      EQ. 1, USE EXISTING DECOMPOSED STIFFNESS MATRIX     

   SPIN SOFTENING FLAG . . . . . . . . . . . . (ISPIN)   =           0
      EQ. 0, NO SPIN SOFTENING EFFECTS CONSIDERED         
      EQ. 1, SPIN SOFTENING EFFECTS CONSIDERED            
   INERTIA RELIEF FLAG  . . . . . . . . . . . .(IFORMK)  =           0
      EQ. 0, NO INERITA RELIEF EFFECTS CONSIDERED         
      EQ. 1, INERITA RELIEF EFFECTS CONSIDERED            
   RIGID CONNECTIONS FLAG  . . . . . . . . . . (IRIGID)  =           0
      EQ. 0, HINGE CONNECTIONS BETWEEN SOLIDS & SHELLS    
      EQ. 1, RIGID CONNECTIONS BETWEEN SOLIDS & SHELLS    


  T O T A L  S Y S T E M  D A T A                        
   NUMBER OF EQUATIONS . . . . . . . . . . . . . .(NEQ)  =       51321
   MEAN HALF BANDWIDTH . . . . . . . . . . . . . .(MM )  =          95
   NUMBER OF ELEMENTS. . . . . . . . . . . . . . .(NUME) =       51462
   NUMBER OF NODAL POINTS. . . . . . . . . . . . .(NUMNP)=       17207

   ORIGINAL NO. OF MATRIX ELEMENTS . . . . . . . .(NWK)  =      908499




************************************************************************
    D I S P L A C E M E N T     P R I N T O U T    (LOAD CASE     1)
************************************************************************




************************************************************************
    D I S P L A C E M E N T     P R I N T O U T    (LOAD CASE     1)
************************************************************************


  STATUS OF THERMAL EFFECTS FOR THIS LOAD CASE:
  ---------------------------------------------

    - Thermal flag is off (no thermal effect)



 TOTAL STRAIN ENERGY. . . . . . . . . . . =  0.137627E-02

             D I S P L A C E M E N T S

     NODE X-DISPL.     Y-DISPL.     Z-DISPL.     XX-ROT.      YY-ROT.      ZZ-ROT.


 MINIMUM/MAXIMUM DISPLACEMENTS

  NODE      7602        12298         1308            1            1            1
  MIN.  -1.07973E-05 -4.01525E-09 -5.18718E-06   0.0000       0.0000       0.0000    

  NODE      5645         2238         4387        17183        17183        17183
  MAX.   1.21305E-05  1.72402E-05  2.69852E-07   0.0000       0.0000       0.0000    

 MAXIMUM RESULTANT DISPLACEMENT

  NODE      2238
  MAX.   1.79209E-05




********************************************************************************
         R E A C T I O N   F O R C E   F O R   LOAD CASE NO.  1
********************************************************************************

    NODE CSYS    Fx         Fy         Fz         Mx         My         Mz
  
  
 **** Local absolute loads values for pin number:          10 ****
 Pin Joint Number            1
 Forces (axial,transverse):    1.073508         0.5050330    
 Moments(torque,bending):     5.9172827E-13     1.1976645E-03
  
 Pin Joint Number            2
 Forces (axial,transverse):    1.073508         0.5050330    
 Moments(torque,bending):     5.9313405E-13     6.3321687E-04
  
  
  
 **** Local absolute loads values for pin number:          11 ****
 Pin Joint Number            1
 Forces (axial,transverse):   0.7460263         0.3599358    
 Moments(torque,bending):     5.6997300E-13     1.0226390E-03
  
 Pin Joint Number            2
 Forces (axial,transverse):   0.7460263         0.3599358    
 Moments(torque,bending):     5.6904958E-13     8.2272297E-04
  
  
  
 **** Local absolute loads values for pin number:          12 ****
 Pin Joint Number            1
 Forces (axial,transverse):   0.9270608         5.9972189E-02
 Moments(torque,bending):     6.1412296E-13     1.5444921E-03
  
 Pin Joint Number            2
 Forces (axial,transverse):   0.9270608         5.9972189E-02
 Moments(torque,bending):     6.1216597E-13     1.4898491E-03
  
  
  
 **** Local absolute loads values for pin number:          13 ****
 Pin Joint Number            1
 Forces (axial,transverse):   0.5600905         0.5052564    
 Moments(torque,bending):     5.6366809E-13     3.4284740E-04
  
 Pin Joint Number            2
 Forces (axial,transverse):   0.5600905         0.5052564    
 Moments(torque,bending):     5.6573458E-13     9.7022910E-04
  
  
  
 **** Local absolute loads values for pin number:          14 ****
 Pin Joint Number            1
 Forces (axial,transverse):    1.011443         0.4439749    
 Moments(torque,bending):     6.1055674E-13     1.0293213E-03
  
 Pin Joint Number            2
 Forces (axial,transverse):    1.011443         0.4439749    
 Moments(torque,bending):     6.0947455E-13     1.6125258E-03
  
  
  
 **** Local absolute loads values for pin number:          15 ****
 Pin Joint Number            1
 Forces (axial,transverse):    1.244946         0.4474833    
 Moments(torque,bending):     5.4494647E-13     1.2278481E-03
  
 Pin Joint Number            2
 Forces (axial,transverse):    1.244946         0.4474833    
 Moments(torque,bending):     5.4768332E-13     9.3835697E-04
  
  
  
 **** Local absolute loads values for pin number:          16 ****
 Pin Joint Number            1
 Forces (axial,transverse):   0.6249548         0.4253851    
 Moments(torque,bending):     5.6812064E-13     3.9952213E-04
  
 Pin Joint Number            2
 Forces (axial,transverse):   0.6249548         0.4253851    
 Moments(torque,bending):     5.6922804E-13     1.0353518E-03
  
  
  
 **** Local absolute loads values for pin number:          17 ****
 Pin Joint Number            1
 Forces (axial,transverse):   0.8022422         0.5225939    
 Moments(torque,bending):     5.9269777E-13     6.2539487E-04
  
 Pin Joint Number            2
 Forces (axial,transverse):   0.8022422         0.5225939    
 Moments(torque,bending):     5.9058390E-13     1.1297330E-03
  
  
  
 **** Local absolute loads values for pin number:          18 ****
 Pin Joint Number            1
 Forces (axial,transverse):    3.433196         0.7672637    
 Moments(torque,bending):     3.7995248E-14     1.7466828E-03
  
 Pin Joint Number            2
 Forces (axial,transverse):    3.433196         0.7672637    
 Moments(torque,bending):     3.6283134E-14     8.9148938E-04
  
  
  
 **** Local absolute loads values for pin number:          19 ****
 Pin Joint Number            1
 Forces (axial,transverse):    2.892668         0.6499293    
 Moments(torque,bending):     8.6282659E-14     9.0746034E-04
  
 Pin Joint Number            2
 Forces (axial,transverse):    2.892668         0.6499293    
 Moments(torque,bending):     8.6096698E-14     1.8364668E-03
  
  
  
 **** Local absolute loads values for pin number:          20 ****
 Pin Joint Number            1
 Forces (axial,transverse):    3.278339         0.9803958    
 Moments(torque,bending):     2.9109907E-14     1.8246806E-03
  
 Pin Joint Number            2
 Forces (axial,transverse):    3.278339         0.9803958    
 Moments(torque,bending):     2.8211218E-14     8.4999361E-04
  
  
  
 **** Local absolute loads values for pin number:          21 ****
 Pin Joint Number            1
 Forces (axial,transverse):    2.758900         0.7117379    
 Moments(torque,bending):     1.6305661E-13     9.0233498E-04
  
 Pin Joint Number            2
 Forces (axial,transverse):    2.758900         0.7117379    
 Moments(torque,bending):     1.6320380E-13     1.8117659E-03
  

 FOR REQUESTED                 (Global Cartesian Coord. System)
    NODES         FX         FY         FZ         MX         MY         MZ
 Total React. -.1513E-04 -.2500E+03 -.2101E-04 0.0000E+00 0.0000E+00 0.0000E+00
  



********************************************************************************
 MAXIMUM NODAL VON MISES STRESS & ERROR ESTIMATE FOR LOAD CASE   1
********************************************************************************

  NODE      3603
  MAX.     0.10517E+08



   E R R O R    E S T I M A T I O N
   (for requested elements)

   Total Strain Energy (TSE)        =  0.137627E-02
   Total Error Energy (TEE)         =  0.561366E-03
   Ave. Percentage Error (APE)      =  0.411579E+02
     ( APE =  sqrt (TEE/(TSE*2. + TEE)) * 100. )



********************************************************************************
   MFLOP Rate of Matrix Decomposition . . . . . . . (MF/Sec)=       0.0
********************************************************************************


                             S O L U T I O N    T I M E   L O G    I N    S E C O N D S
  DEFINITIONS
     INP_PHASE=TIME FOR INPUT PHASE
     STF_PHASE=TIME FOR CALCULATION OF STRUCTURE STIFFNESS MATRIX
     REN_PHASE=TIME FOR REORDERING EQUATIONS
     SOL_PHASE=TIME FOR INTEL DIRECT SPARSE SOLUTION
     CNT_PHASE=TIME FOR LCP CONTACT (AND/OR LRG DISP) OPERATIONS
     REC_PHASE=TIME FOR REACTION FORCE & DISP UPDATE TO POST
     STS_PHASE=TIME FOR STRESS CALCULATION
     LCS_PHASE=TIME FOR LOAD CASE SOLUTIONS
     TOT_TIME =TOTAL SOLUTION TIME

          INP_PHASE STF_PHASE REN_PHASE SOL_PHASE CNT_PHASE REC_PHASE STS_PHASE LCS_PHASE  TOT_TIME 
                  1         0         0         0         0         1         0         0         3
                                                      (   0: 0: 3)



